{
  "stats": {
    "suites": 12,
    "tests": 57,
    "passes": 57,
    "pending": 0,
    "failures": 0,
    "start": "2026-05-18T05:18:14.499Z",
    "end": "2026-05-18T05:18:17.022Z",
    "duration": 2523,
    "testsRegistered": 57,
    "passPercent": 100,
    "pendingPercent": 0,
    "other": 0,
    "hasOther": false,
    "skipped": 0,
    "hasSkipped": false
  },
  "results": [
    {
      "uuid": "91f0db7d-4a65-4a82-a6c1-ca537ee224f0",
      "title": "",
      "fullFile": "",
      "file": "",
      "beforeHooks": [],
      "afterHooks": [],
      "tests": [],
      "suites": [
        {
          "uuid": "5f59d2d0-8ae2-4426-be8b-c816aac123f3",
          "title": "🛡️ Middlewares › auth.middleware.ts",
          "fullFile": "D:\\tecsup\\Proyecto_ALL\\Proyecto_p\\fixy-web\\backend\\test\\unit\\middlewares\\auth.middleware.test.ts",
          "file": "\\test\\unit\\middlewares\\auth.middleware.test.ts",
          "beforeHooks": [],
          "afterHooks": [
            {
              "title": "\"after each\" hook in \"🛡️ Middlewares › auth.middleware.ts\"",
              "fullTitle": "🛡️ Middlewares › auth.middleware.ts \"after each\" hook in \"🛡️ Middlewares › auth.middleware.ts\"",
              "timedOut": false,
              "duration": 0,
              "state": null,
              "speed": null,
              "pass": false,
              "fail": false,
              "pending": false,
              "context": null,
              "code": "sinon_1.default.restore();",
              "err": {},
              "uuid": "ad08b15f-42a6-433d-b8d1-fc426eb8063b",
              "parentUUID": "5f59d2d0-8ae2-4426-be8b-c816aac123f3",
              "isHook": true,
              "skipped": false
            }
          ],
          "tests": [],
          "suites": [
            {
              "uuid": "ae361085-b239-48e6-ab65-a2376608f86f",
              "title": "authenticateJWT()",
              "fullFile": "D:\\tecsup\\Proyecto_ALL\\Proyecto_p\\fixy-web\\backend\\test\\unit\\middlewares\\auth.middleware.test.ts",
              "file": "\\test\\unit\\middlewares\\auth.middleware.test.ts",
              "beforeHooks": [],
              "afterHooks": [],
              "tests": [
                {
                  "title": "debe responder 401 si no hay header Authorization",
                  "fullTitle": "🛡️ Middlewares › auth.middleware.ts authenticateJWT() debe responder 401 si no hay header Authorization",
                  "timedOut": false,
                  "duration": 2,
                  "state": "passed",
                  "speed": "fast",
                  "pass": true,
                  "fail": false,
                  "pending": false,
                  "context": null,
                  "code": "const req = { headers: {} };\nconst res = mockResponse();\nconst next = mockNext();\n(0, auth_middleware_1.authenticateJWT)(req, res, next);\n(0, chai_1.expect)(res.status.calledWith(401)).to.be.true;\n(0, chai_1.expect)(res.json.calledWithMatch({ message: \"Authorization token missing\" })).to.be.true;\n(0, chai_1.expect)(next.called).to.be.false;",
                  "err": {},
                  "uuid": "2940ac26-acf3-4034-a0b0-fc78ad1e189b",
                  "parentUUID": "ae361085-b239-48e6-ab65-a2376608f86f",
                  "isHook": false,
                  "skipped": false
                },
                {
                  "title": "debe responder 401 si el header no empieza con 'Bearer '",
                  "fullTitle": "🛡️ Middlewares › auth.middleware.ts authenticateJWT() debe responder 401 si el header no empieza con 'Bearer '",
                  "timedOut": false,
                  "duration": 1,
                  "state": "passed",
                  "speed": "fast",
                  "pass": true,
                  "fail": false,
                  "pending": false,
                  "context": null,
                  "code": "const req = {\n    headers: { authorization: \"Basic abc123\" },\n};\nconst res = mockResponse();\nconst next = mockNext();\n(0, auth_middleware_1.authenticateJWT)(req, res, next);\n(0, chai_1.expect)(res.status.calledWith(401)).to.be.true;\n(0, chai_1.expect)(res.json.calledWithMatch({ message: \"Authorization token missing\" })).to.be.true;",
                  "err": {},
                  "uuid": "f732beda-9cc2-48b0-8b9e-293999496a1f",
                  "parentUUID": "ae361085-b239-48e6-ab65-a2376608f86f",
                  "isHook": false,
                  "skipped": false
                },
                {
                  "title": "debe responder 401 si el token es inválido (verifyJwt lanza error)",
                  "fullTitle": "🛡️ Middlewares › auth.middleware.ts authenticateJWT() debe responder 401 si el token es inválido (verifyJwt lanza error)",
                  "timedOut": false,
                  "duration": 1,
                  "state": "passed",
                  "speed": "fast",
                  "pass": true,
                  "fail": false,
                  "pending": false,
                  "context": null,
                  "code": "sinon_1.default.stub(jwtUtils, \"verifyJwt\").throws(new Error(\"invalid token\"));\nconst req = {\n    headers: { authorization: \"Bearer token.invalido.aqui\" },\n};\nconst res = mockResponse();\nconst next = mockNext();\n(0, auth_middleware_1.authenticateJWT)(req, res, next);\n(0, chai_1.expect)(res.status.calledWith(401)).to.be.true;\n(0, chai_1.expect)(res.json.calledWithMatch({ message: \"Invalid or expired token\" })).to.be.true;\n(0, chai_1.expect)(next.called).to.be.false;",
                  "err": {},
                  "uuid": "d1dd84b6-95cd-48b0-b9ac-a92044645321",
                  "parentUUID": "ae361085-b239-48e6-ab65-a2376608f86f",
                  "isHook": false,
                  "skipped": false
                },
                {
                  "title": "debe responder 401 si el token está expirado",
                  "fullTitle": "🛡️ Middlewares › auth.middleware.ts authenticateJWT() debe responder 401 si el token está expirado",
                  "timedOut": false,
                  "duration": 1,
                  "state": "passed",
                  "speed": "fast",
                  "pass": true,
                  "fail": false,
                  "pending": false,
                  "context": null,
                  "code": "sinon_1.default.stub(jwtUtils, \"verifyJwt\").throws(new Error(\"jwt expired\"));\nconst req = {\n    headers: { authorization: \"Bearer token.expirado.aqui\" },\n};\nconst res = mockResponse();\nconst next = mockNext();\n(0, auth_middleware_1.authenticateJWT)(req, res, next);\n(0, chai_1.expect)(res.status.calledWith(401)).to.be.true;\n(0, chai_1.expect)(res.json.calledWithMatch({ message: \"Invalid or expired token\" })).to.be.true;",
                  "err": {},
                  "uuid": "e90aeeb6-fd1f-48ac-87c5-e11505bc3e4a",
                  "parentUUID": "ae361085-b239-48e6-ab65-a2376608f86f",
                  "isHook": false,
                  "skipped": false
                },
                {
                  "title": "debe llamar next() y adjuntar req.user si el token es válido",
                  "fullTitle": "🛡️ Middlewares › auth.middleware.ts authenticateJWT() debe llamar next() y adjuntar req.user si el token es válido",
                  "timedOut": false,
                  "duration": 2,
                  "state": "passed",
                  "speed": "fast",
                  "pass": true,
                  "fail": false,
                  "pending": false,
                  "context": null,
                  "code": "sinon_1.default.stub(jwtUtils, \"verifyJwt\").returns(fakeUser);\nconst req = {\n    headers: { authorization: \"Bearer token.valido.aqui\" },\n};\nconst res = mockResponse();\nconst next = mockNext();\n(0, auth_middleware_1.authenticateJWT)(req, res, next);\n(0, chai_1.expect)(next.called).to.be.true;\n(0, chai_1.expect)(req.user).to.deep.equal(fakeUser);\n(0, chai_1.expect)(res.status.called).to.be.false;",
                  "err": {},
                  "uuid": "0d4d44ef-f4c8-46e1-beb8-976d95cd50bd",
                  "parentUUID": "ae361085-b239-48e6-ab65-a2376608f86f",
                  "isHook": false,
                  "skipped": false
                },
                {
                  "title": "debe extraer el token correctamente del header (sin el prefijo 'Bearer ')",
                  "fullTitle": "🛡️ Middlewares › auth.middleware.ts authenticateJWT() debe extraer el token correctamente del header (sin el prefijo 'Bearer ')",
                  "timedOut": false,
                  "duration": 1,
                  "state": "passed",
                  "speed": "fast",
                  "pass": true,
                  "fail": false,
                  "pending": false,
                  "context": null,
                  "code": "const verifyStub = sinon_1.default.stub(jwtUtils, \"verifyJwt\").returns(fakeUser);\nconst req = {\n    headers: { authorization: \"Bearer mi.token.real\" },\n};\n(0, auth_middleware_1.authenticateJWT)(req, mockResponse(), mockNext());\n(0, chai_1.expect)(verifyStub.calledWith(\"mi.token.real\")).to.be.true;",
                  "err": {},
                  "uuid": "103defc5-eb97-4894-81f3-7be453152371",
                  "parentUUID": "ae361085-b239-48e6-ab65-a2376608f86f",
                  "isHook": false,
                  "skipped": false
                },
                {
                  "title": "debe responder 401 si el header es solo 'Bearer ' sin token",
                  "fullTitle": "🛡️ Middlewares › auth.middleware.ts authenticateJWT() debe responder 401 si el header es solo 'Bearer ' sin token",
                  "timedOut": false,
                  "duration": 0,
                  "state": "passed",
                  "speed": "fast",
                  "pass": true,
                  "fail": false,
                  "pending": false,
                  "context": null,
                  "code": "sinon_1.default.stub(jwtUtils, \"verifyJwt\").throws(new Error(\"jwt malformed\"));\nconst req = {\n    headers: { authorization: \"Bearer \" },\n};\nconst res = mockResponse();\nconst next = mockNext();\n(0, auth_middleware_1.authenticateJWT)(req, res, next);\n(0, chai_1.expect)(res.status.calledWith(401)).to.be.true;",
                  "err": {},
                  "uuid": "802fc36b-ba99-439d-9af4-1fe38e0163f4",
                  "parentUUID": "ae361085-b239-48e6-ab65-a2376608f86f",
                  "isHook": false,
                  "skipped": false
                }
              ],
              "suites": [],
              "passes": [
                "2940ac26-acf3-4034-a0b0-fc78ad1e189b",
                "f732beda-9cc2-48b0-8b9e-293999496a1f",
                "d1dd84b6-95cd-48b0-b9ac-a92044645321",
                "e90aeeb6-fd1f-48ac-87c5-e11505bc3e4a",
                "0d4d44ef-f4c8-46e1-beb8-976d95cd50bd",
                "103defc5-eb97-4894-81f3-7be453152371",
                "802fc36b-ba99-439d-9af4-1fe38e0163f4"
              ],
              "failures": [],
              "pending": [],
              "skipped": [],
              "duration": 8,
              "root": false,
              "rootEmpty": false,
              "_timeout": 10000
            },
            {
              "uuid": "b9ec0b40-7998-4c93-bf7c-8cd5763bd2c0",
              "title": "requireRole()",
              "fullFile": "D:\\tecsup\\Proyecto_ALL\\Proyecto_p\\fixy-web\\backend\\test\\unit\\middlewares\\auth.middleware.test.ts",
              "file": "\\test\\unit\\middlewares\\auth.middleware.test.ts",
              "beforeHooks": [],
              "afterHooks": [],
              "tests": [
                {
                  "title": "debe responder 401 si req.user no existe",
                  "fullTitle": "🛡️ Middlewares › auth.middleware.ts requireRole() debe responder 401 si req.user no existe",
                  "timedOut": false,
                  "duration": 1,
                  "state": "passed",
                  "speed": "fast",
                  "pass": true,
                  "fail": false,
                  "pending": false,
                  "context": null,
                  "code": "const req = {}; // sin user\nconst res = mockResponse();\nconst next = mockNext();\n(0, auth_middleware_1.requireRole)(\"ADMIN\")(req, res, next);\n(0, chai_1.expect)(res.status.calledWith(401)).to.be.true;\n(0, chai_1.expect)(res.json.calledWithMatch({ message: \"Unauthorized\" })).to.be.true;\n(0, chai_1.expect)(next.called).to.be.false;",
                  "err": {},
                  "uuid": "ea6a45f7-ec95-4797-a372-e83c3de09fa7",
                  "parentUUID": "b9ec0b40-7998-4c93-bf7c-8cd5763bd2c0",
                  "isHook": false,
                  "skipped": false
                },
                {
                  "title": "debe responder 403 si el rol del usuario no está permitido",
                  "fullTitle": "🛡️ Middlewares › auth.middleware.ts requireRole() debe responder 403 si el rol del usuario no está permitido",
                  "timedOut": false,
                  "duration": 1,
                  "state": "passed",
                  "speed": "fast",
                  "pass": true,
                  "fail": false,
                  "pending": false,
                  "context": null,
                  "code": "const req = { user: { ...fakeUser, role: \"USER\" } };\nconst res = mockResponse();\nconst next = mockNext();\n(0, auth_middleware_1.requireRole)(\"ADMIN\")(req, res, next);\n(0, chai_1.expect)(res.status.calledWith(403)).to.be.true;\n(0, chai_1.expect)(res.json.calledWithMatch({ message: \"Insufficient permissions\" })).to.be.true;\n(0, chai_1.expect)(next.called).to.be.false;",
                  "err": {},
                  "uuid": "f43abc51-b77e-4bb1-87fa-2f57f597e459",
                  "parentUUID": "b9ec0b40-7998-4c93-bf7c-8cd5763bd2c0",
                  "isHook": false,
                  "skipped": false
                },
                {
                  "title": "debe llamar next() si el rol del usuario está en la lista permitida",
                  "fullTitle": "🛡️ Middlewares › auth.middleware.ts requireRole() debe llamar next() si el rol del usuario está en la lista permitida",
                  "timedOut": false,
                  "duration": 0,
                  "state": "passed",
                  "speed": "fast",
                  "pass": true,
                  "fail": false,
                  "pending": false,
                  "context": null,
                  "code": "const req = { user: { ...fakeUser, role: \"ADMIN\" } };\nconst res = mockResponse();\nconst next = mockNext();\n(0, auth_middleware_1.requireRole)(\"ADMIN\")(req, res, next);\n(0, chai_1.expect)(next.called).to.be.true;\n(0, chai_1.expect)(res.status.called).to.be.false;",
                  "err": {},
                  "uuid": "2b31ab40-e725-4fd5-9dde-39585b40cd4d",
                  "parentUUID": "b9ec0b40-7998-4c93-bf7c-8cd5763bd2c0",
                  "isHook": false,
                  "skipped": false
                },
                {
                  "title": "debe permitir múltiples roles: usuario con rol WORKER accede a ruta WORKER|ADMIN",
                  "fullTitle": "🛡️ Middlewares › auth.middleware.ts requireRole() debe permitir múltiples roles: usuario con rol WORKER accede a ruta WORKER|ADMIN",
                  "timedOut": false,
                  "duration": 0,
                  "state": "passed",
                  "speed": "fast",
                  "pass": true,
                  "fail": false,
                  "pending": false,
                  "context": null,
                  "code": "const req = { user: { ...fakeUser, role: \"WORKER\" } };\nconst res = mockResponse();\nconst next = mockNext();\n(0, auth_middleware_1.requireRole)(\"ADMIN\", \"WORKER\")(req, res, next);\n(0, chai_1.expect)(next.called).to.be.true;",
                  "err": {},
                  "uuid": "8a2a3c51-028c-4868-9a5c-aaebfc68cb15",
                  "parentUUID": "b9ec0b40-7998-4c93-bf7c-8cd5763bd2c0",
                  "isHook": false,
                  "skipped": false
                },
                {
                  "title": "debe denegar acceso si el rol es USER y se requiere ADMIN o WORKER",
                  "fullTitle": "🛡️ Middlewares › auth.middleware.ts requireRole() debe denegar acceso si el rol es USER y se requiere ADMIN o WORKER",
                  "timedOut": false,
                  "duration": 1,
                  "state": "passed",
                  "speed": "fast",
                  "pass": true,
                  "fail": false,
                  "pending": false,
                  "context": null,
                  "code": "const req = { user: { ...fakeUser, role: \"USER\" } };\nconst res = mockResponse();\nconst next = mockNext();\n(0, auth_middleware_1.requireRole)(\"ADMIN\", \"WORKER\")(req, res, next);\n(0, chai_1.expect)(res.status.calledWith(403)).to.be.true;",
                  "err": {},
                  "uuid": "7806c042-b0a9-472f-a8e0-a392435c7ef0",
                  "parentUUID": "b9ec0b40-7998-4c93-bf7c-8cd5763bd2c0",
                  "isHook": false,
                  "skipped": false
                },
                {
                  "title": "debe permitir acceso cuando el usuario tiene exactamente el único rol requerido",
                  "fullTitle": "🛡️ Middlewares › auth.middleware.ts requireRole() debe permitir acceso cuando el usuario tiene exactamente el único rol requerido",
                  "timedOut": false,
                  "duration": 2,
                  "state": "passed",
                  "speed": "fast",
                  "pass": true,
                  "fail": false,
                  "pending": false,
                  "context": null,
                  "code": "const req = { user: { ...fakeUser, role: \"USER\" } };\nconst res = mockResponse();\nconst next = mockNext();\n(0, auth_middleware_1.requireRole)(\"USER\")(req, res, next);\n(0, chai_1.expect)(next.called).to.be.true;",
                  "err": {},
                  "uuid": "be1967ec-a8c9-4b47-a58e-1d2a538078ff",
                  "parentUUID": "b9ec0b40-7998-4c93-bf7c-8cd5763bd2c0",
                  "isHook": false,
                  "skipped": false
                }
              ],
              "suites": [],
              "passes": [
                "ea6a45f7-ec95-4797-a372-e83c3de09fa7",
                "f43abc51-b77e-4bb1-87fa-2f57f597e459",
                "2b31ab40-e725-4fd5-9dde-39585b40cd4d",
                "8a2a3c51-028c-4868-9a5c-aaebfc68cb15",
                "7806c042-b0a9-472f-a8e0-a392435c7ef0",
                "be1967ec-a8c9-4b47-a58e-1d2a538078ff"
              ],
              "failures": [],
              "pending": [],
              "skipped": [],
              "duration": 5,
              "root": false,
              "rootEmpty": false,
              "_timeout": 10000
            }
          ],
          "passes": [],
          "failures": [],
          "pending": [],
          "skipped": [],
          "duration": 0,
          "root": false,
          "rootEmpty": false,
          "_timeout": 10000
        },
        {
          "uuid": "673cfac6-a440-43dc-99a8-0d3e9cd34d63",
          "title": "🔒 Services › auth.service.ts",
          "fullFile": "D:\\tecsup\\Proyecto_ALL\\Proyecto_p\\fixy-web\\backend\\test\\unit\\services\\auth.service.test.ts",
          "file": "\\test\\unit\\services\\auth.service.test.ts",
          "beforeHooks": [],
          "afterHooks": [
            {
              "title": "\"after each\" hook in \"🔒 Services › auth.service.ts\"",
              "fullTitle": "🔒 Services › auth.service.ts \"after each\" hook in \"🔒 Services › auth.service.ts\"",
              "timedOut": false,
              "duration": 0,
              "state": null,
              "speed": null,
              "pass": false,
              "fail": false,
              "pending": false,
              "context": null,
              "code": "sinon_1.default.restore();",
              "err": {},
              "uuid": "3caa7d43-3b37-44f5-be72-c4aa70df8b63",
              "parentUUID": "673cfac6-a440-43dc-99a8-0d3e9cd34d63",
              "isHook": true,
              "skipped": false
            }
          ],
          "tests": [],
          "suites": [
            {
              "uuid": "62754fc1-d45c-4f7f-95db-8353dc59037f",
              "title": "register()",
              "fullFile": "D:\\tecsup\\Proyecto_ALL\\Proyecto_p\\fixy-web\\backend\\test\\unit\\services\\auth.service.test.ts",
              "file": "\\test\\unit\\services\\auth.service.test.ts",
              "beforeHooks": [],
              "afterHooks": [],
              "tests": [
                {
                  "title": "debe lanzar error si el email ya está registrado",
                  "fullTitle": "🔒 Services › auth.service.ts register() debe lanzar error si el email ya está registrado",
                  "timedOut": false,
                  "duration": 1,
                  "state": "passed",
                  "speed": "fast",
                  "pass": true,
                  "fail": false,
                  "pending": false,
                  "context": null,
                  "code": "sinon_1.default.stub(authRepository, \"findUserByEmail\").resolves(fakeUser);\ntry {\n    await authService.register({\n        email: \"alumno@tecsup.edu.pe\",\n        password: \"Password123\",\n        name: \"Juan\",\n    });\n    chai_1.expect.fail(\"Debería haber lanzado un error\");\n}\ncatch (err) {\n    (0, chai_1.expect)(err.message).to.equal(\"Email already registered\");\n}",
                  "err": {},
                  "uuid": "98dba00f-561e-429d-80c0-9b39c4076321",
                  "parentUUID": "62754fc1-d45c-4f7f-95db-8353dc59037f",
                  "isHook": false,
                  "skipped": false
                },
                {
                  "title": "debe registrar exitosamente con datos válidos",
                  "fullTitle": "🔒 Services › auth.service.ts register() debe registrar exitosamente con datos válidos",
                  "timedOut": false,
                  "duration": 2,
                  "state": "passed",
                  "speed": "fast",
                  "pass": true,
                  "fail": false,
                  "pending": false,
                  "context": null,
                  "code": "sinon_1.default.stub(authRepository, \"findUserByEmail\").resolves(null);\nsinon_1.default.stub(passwordUtils, \"hashPassword\").resolves(\"$2b$10$hashedNuevo\");\nsinon_1.default.stub(authRepository, \"createUser\").resolves(fakeUser);\nsinon_1.default.stub(jwtUtils, \"signJwt\").returns(fakeToken);\nconst result = await authService.register({\n    email: \"nuevo@tecsup.edu.pe\",\n    password: \"Password123\",\n    name: \"María García\",\n});\n(0, chai_1.expect)(result).to.have.property(\"user\");\n(0, chai_1.expect)(result).to.have.property(\"accessToken\");\n(0, chai_1.expect)(result.accessToken).to.equal(fakeToken);",
                  "err": {},
                  "uuid": "4a7995a8-07f7-4be7-939b-8a3f7ff4e603",
                  "parentUUID": "62754fc1-d45c-4f7f-95db-8353dc59037f",
                  "isHook": false,
                  "skipped": false
                },
                {
                  "title": "el usuario retornado NO debe contener la contraseña (sanitizeUser)",
                  "fullTitle": "🔒 Services › auth.service.ts register() el usuario retornado NO debe contener la contraseña (sanitizeUser)",
                  "timedOut": false,
                  "duration": 1,
                  "state": "passed",
                  "speed": "fast",
                  "pass": true,
                  "fail": false,
                  "pending": false,
                  "context": null,
                  "code": "sinon_1.default.stub(authRepository, \"findUserByEmail\").resolves(null);\nsinon_1.default.stub(passwordUtils, \"hashPassword\").resolves(\"$2b$10$hashedNuevo\");\nsinon_1.default.stub(authRepository, \"createUser\").resolves(fakeUser);\nsinon_1.default.stub(jwtUtils, \"signJwt\").returns(fakeToken);\nconst result = await authService.register({\n    email: \"nuevo@tecsup.edu.pe\",\n    password: \"Password123\",\n    name: \"María García\",\n});\n(0, chai_1.expect)(result.user).to.not.have.property(\"password\");",
                  "err": {},
                  "uuid": "42e6bb7a-d903-4b51-af4e-89bff2d3b660",
                  "parentUUID": "62754fc1-d45c-4f7f-95db-8353dc59037f",
                  "isHook": false,
                  "skipped": false
                },
                {
                  "title": "debe retornar los tags del usuario como array de strings",
                  "fullTitle": "🔒 Services › auth.service.ts register() debe retornar los tags del usuario como array de strings",
                  "timedOut": false,
                  "duration": 2,
                  "state": "passed",
                  "speed": "fast",
                  "pass": true,
                  "fail": false,
                  "pending": false,
                  "context": null,
                  "code": "sinon_1.default.stub(authRepository, \"findUserByEmail\").resolves(null);\nsinon_1.default.stub(passwordUtils, \"hashPassword\").resolves(\"$2b$10$hashedNuevo\");\nsinon_1.default.stub(authRepository, \"createUser\").resolves(fakeUser);\nsinon_1.default.stub(jwtUtils, \"signJwt\").returns(fakeToken);\nconst result = await authService.register({\n    email: \"nuevo@tecsup.edu.pe\",\n    password: \"Password123\",\n    name: \"María García\",\n});\n(0, chai_1.expect)(result.user.tags).to.be.an(\"array\");\n(0, chai_1.expect)(result.user.tags).to.include(\"JavaScript\");\n(0, chai_1.expect)(result.user.tags).to.include(\"Node.js\");",
                  "err": {},
                  "uuid": "c45e94d7-be60-4776-9af8-f5d5708e7e95",
                  "parentUUID": "62754fc1-d45c-4f7f-95db-8353dc59037f",
                  "isHook": false,
                  "skipped": false
                },
                {
                  "title": "debe llamar a hashPassword antes de crear el usuario",
                  "fullTitle": "🔒 Services › auth.service.ts register() debe llamar a hashPassword antes de crear el usuario",
                  "timedOut": false,
                  "duration": 1,
                  "state": "passed",
                  "speed": "fast",
                  "pass": true,
                  "fail": false,
                  "pending": false,
                  "context": null,
                  "code": "sinon_1.default.stub(authRepository, \"findUserByEmail\").resolves(null);\nconst hashStub = sinon_1.default.stub(passwordUtils, \"hashPassword\").resolves(\"$2b$10$hash\");\nsinon_1.default.stub(authRepository, \"createUser\").resolves(fakeUser);\nsinon_1.default.stub(jwtUtils, \"signJwt\").returns(fakeToken);\nawait authService.register({\n    email: \"nuevo@tecsup.edu.pe\",\n    password: \"Password123\",\n    name: \"María\",\n});\n(0, chai_1.expect)(hashStub.calledWith(\"Password123\")).to.be.true;",
                  "err": {},
                  "uuid": "45932e56-0e5e-4504-a0d3-da32fffb4022",
                  "parentUUID": "62754fc1-d45c-4f7f-95db-8353dc59037f",
                  "isHook": false,
                  "skipped": false
                },
                {
                  "title": "debe llamar a signJwt con el id, email y role del usuario creado",
                  "fullTitle": "🔒 Services › auth.service.ts register() debe llamar a signJwt con el id, email y role del usuario creado",
                  "timedOut": false,
                  "duration": 1,
                  "state": "passed",
                  "speed": "fast",
                  "pass": true,
                  "fail": false,
                  "pending": false,
                  "context": null,
                  "code": "sinon_1.default.stub(authRepository, \"findUserByEmail\").resolves(null);\nsinon_1.default.stub(passwordUtils, \"hashPassword\").resolves(\"$2b$10$hash\");\nsinon_1.default.stub(authRepository, \"createUser\").resolves(fakeUser);\nconst signStub = sinon_1.default.stub(jwtUtils, \"signJwt\").returns(fakeToken);\nawait authService.register({\n    email: \"nuevo@tecsup.edu.pe\",\n    password: \"Password123\",\n    name: \"María\",\n});\n(0, chai_1.expect)(signStub.calledWith({\n    userId: fakeUser.id,\n    email: fakeUser.email,\n    role: fakeUser.role,\n})).to.be.true;",
                  "err": {},
                  "uuid": "1c44fbe2-6738-499a-af47-f97b54edf002",
                  "parentUUID": "62754fc1-d45c-4f7f-95db-8353dc59037f",
                  "isHook": false,
                  "skipped": false
                },
                {
                  "title": "debe manejar usuario sin tags (userTags vacío)",
                  "fullTitle": "🔒 Services › auth.service.ts register() debe manejar usuario sin tags (userTags vacío)",
                  "timedOut": false,
                  "duration": 1,
                  "state": "passed",
                  "speed": "fast",
                  "pass": true,
                  "fail": false,
                  "pending": false,
                  "context": null,
                  "code": "const userSinTags = { ...fakeUser, userTags: [] };\nsinon_1.default.stub(authRepository, \"findUserByEmail\").resolves(null);\nsinon_1.default.stub(passwordUtils, \"hashPassword\").resolves(\"$2b$10$hash\");\nsinon_1.default.stub(authRepository, \"createUser\").resolves(userSinTags);\nsinon_1.default.stub(jwtUtils, \"signJwt\").returns(fakeToken);\nconst result = await authService.register({\n    email: \"sin.tags@tecsup.edu.pe\",\n    password: \"Password123\",\n    name: \"Sin Tags\",\n});\n(0, chai_1.expect)(result.user.tags).to.be.an(\"array\").that.is.empty;",
                  "err": {},
                  "uuid": "a633e948-813a-4d3f-9dbc-15097a33f28c",
                  "parentUUID": "62754fc1-d45c-4f7f-95db-8353dc59037f",
                  "isHook": false,
                  "skipped": false
                }
              ],
              "suites": [],
              "passes": [
                "98dba00f-561e-429d-80c0-9b39c4076321",
                "4a7995a8-07f7-4be7-939b-8a3f7ff4e603",
                "42e6bb7a-d903-4b51-af4e-89bff2d3b660",
                "c45e94d7-be60-4776-9af8-f5d5708e7e95",
                "45932e56-0e5e-4504-a0d3-da32fffb4022",
                "1c44fbe2-6738-499a-af47-f97b54edf002",
                "a633e948-813a-4d3f-9dbc-15097a33f28c"
              ],
              "failures": [],
              "pending": [],
              "skipped": [],
              "duration": 9,
              "root": false,
              "rootEmpty": false,
              "_timeout": 10000
            },
            {
              "uuid": "f2925975-3f20-4af8-95b2-d08613dc0347",
              "title": "login()",
              "fullFile": "D:\\tecsup\\Proyecto_ALL\\Proyecto_p\\fixy-web\\backend\\test\\unit\\services\\auth.service.test.ts",
              "file": "\\test\\unit\\services\\auth.service.test.ts",
              "beforeHooks": [],
              "afterHooks": [],
              "tests": [
                {
                  "title": "debe lanzar 'Invalid credentials' si el email no existe",
                  "fullTitle": "🔒 Services › auth.service.ts login() debe lanzar 'Invalid credentials' si el email no existe",
                  "timedOut": false,
                  "duration": 1,
                  "state": "passed",
                  "speed": "fast",
                  "pass": true,
                  "fail": false,
                  "pending": false,
                  "context": null,
                  "code": "sinon_1.default.stub(authRepository, \"findUserByEmail\").resolves(null);\ntry {\n    await authService.login({\n        email: \"noexiste@tecsup.edu.pe\",\n        password: \"cualquierCosa\",\n    });\n    chai_1.expect.fail(\"Debería haber lanzado un error\");\n}\ncatch (err) {\n    (0, chai_1.expect)(err.message).to.equal(\"Invalid credentials\");\n}",
                  "err": {},
                  "uuid": "2c73480b-ee82-49d5-ba73-147ecbacbbfb",
                  "parentUUID": "f2925975-3f20-4af8-95b2-d08613dc0347",
                  "isHook": false,
                  "skipped": false
                },
                {
                  "title": "debe lanzar 'Invalid credentials' si la contraseña es incorrecta",
                  "fullTitle": "🔒 Services › auth.service.ts login() debe lanzar 'Invalid credentials' si la contraseña es incorrecta",
                  "timedOut": false,
                  "duration": 0,
                  "state": "passed",
                  "speed": "fast",
                  "pass": true,
                  "fail": false,
                  "pending": false,
                  "context": null,
                  "code": "sinon_1.default.stub(authRepository, \"findUserByEmail\").resolves(fakeUser);\nsinon_1.default.stub(passwordUtils, \"comparePassword\").resolves(false);\ntry {\n    await authService.login({\n        email: \"alumno@tecsup.edu.pe\",\n        password: \"ContraseñaWrong\",\n    });\n    chai_1.expect.fail(\"Debería haber lanzado un error\");\n}\ncatch (err) {\n    (0, chai_1.expect)(err.message).to.equal(\"Invalid credentials\");\n}",
                  "err": {},
                  "uuid": "68587de9-4d4f-4464-b429-a0a9af6ccd3a",
                  "parentUUID": "f2925975-3f20-4af8-95b2-d08613dc0347",
                  "isHook": false,
                  "skipped": false
                },
                {
                  "title": "debe retornar user y accessToken con credenciales correctas",
                  "fullTitle": "🔒 Services › auth.service.ts login() debe retornar user y accessToken con credenciales correctas",
                  "timedOut": false,
                  "duration": 1,
                  "state": "passed",
                  "speed": "fast",
                  "pass": true,
                  "fail": false,
                  "pending": false,
                  "context": null,
                  "code": "sinon_1.default.stub(authRepository, \"findUserByEmail\").resolves(fakeUser);\nsinon_1.default.stub(passwordUtils, \"comparePassword\").resolves(true);\nsinon_1.default.stub(jwtUtils, \"signJwt\").returns(fakeToken);\nconst result = await authService.login({\n    email: \"alumno@tecsup.edu.pe\",\n    password: \"PasswordCorrecta\",\n});\n(0, chai_1.expect)(result).to.have.property(\"user\");\n(0, chai_1.expect)(result).to.have.property(\"accessToken\", fakeToken);",
                  "err": {},
                  "uuid": "cae89df1-d85b-4d4a-af4e-29f3e52ebd1f",
                  "parentUUID": "f2925975-3f20-4af8-95b2-d08613dc0347",
                  "isHook": false,
                  "skipped": false
                },
                {
                  "title": "el user retornado NO debe contener la contraseña",
                  "fullTitle": "🔒 Services › auth.service.ts login() el user retornado NO debe contener la contraseña",
                  "timedOut": false,
                  "duration": 2,
                  "state": "passed",
                  "speed": "fast",
                  "pass": true,
                  "fail": false,
                  "pending": false,
                  "context": null,
                  "code": "sinon_1.default.stub(authRepository, \"findUserByEmail\").resolves(fakeUser);\nsinon_1.default.stub(passwordUtils, \"comparePassword\").resolves(true);\nsinon_1.default.stub(jwtUtils, \"signJwt\").returns(fakeToken);\nconst result = await authService.login({\n    email: \"alumno@tecsup.edu.pe\",\n    password: \"PasswordCorrecta\",\n});\n(0, chai_1.expect)(result.user).to.not.have.property(\"password\");",
                  "err": {},
                  "uuid": "2de6b343-44ff-4dbd-95f6-0fcddd86d718",
                  "parentUUID": "f2925975-3f20-4af8-95b2-d08613dc0347",
                  "isHook": false,
                  "skipped": false
                },
                {
                  "title": "el mensaje de error debe ser igual para email inexistente y contraseña incorrecta (seguridad)",
                  "fullTitle": "🔒 Services › auth.service.ts login() el mensaje de error debe ser igual para email inexistente y contraseña incorrecta (seguridad)",
                  "timedOut": false,
                  "duration": 1,
                  "state": "passed",
                  "speed": "fast",
                  "pass": true,
                  "fail": false,
                  "pending": false,
                  "context": null,
                  "code": "// IMPORTANTE: ambos casos deben dar el mismo mensaje para no revelar\n// si el email existe o no en el sistema\nsinon_1.default.stub(authRepository, \"findUserByEmail\").resolves(null);\nlet errorEmailInexistente = \"\";\ntry {\n    await authService.login({ email: \"fake@tecsup.edu.pe\", password: \"pass\" });\n}\ncatch (err) {\n    errorEmailInexistente = err.message;\n}\nsinon_1.default.restore();\nsinon_1.default.stub(authRepository, \"findUserByEmail\").resolves(fakeUser);\nsinon_1.default.stub(passwordUtils, \"comparePassword\").resolves(false);\nlet errorPasswordMal = \"\";\ntry {\n    await authService.login({ email: \"alumno@tecsup.edu.pe\", password: \"wrong\" });\n}\ncatch (err) {\n    errorPasswordMal = err.message;\n}\n(0, chai_1.expect)(errorEmailInexistente).to.equal(errorPasswordMal);\n(0, chai_1.expect)(errorEmailInexistente).to.equal(\"Invalid credentials\");",
                  "err": {},
                  "uuid": "c0fc749b-43fb-4c35-9486-d57f6194dba8",
                  "parentUUID": "f2925975-3f20-4af8-95b2-d08613dc0347",
                  "isHook": false,
                  "skipped": false
                },
                {
                  "title": "debe retornar tags del usuario como array de strings en el login",
                  "fullTitle": "🔒 Services › auth.service.ts login() debe retornar tags del usuario como array de strings en el login",
                  "timedOut": false,
                  "duration": 1,
                  "state": "passed",
                  "speed": "fast",
                  "pass": true,
                  "fail": false,
                  "pending": false,
                  "context": null,
                  "code": "sinon_1.default.stub(authRepository, \"findUserByEmail\").resolves(fakeUser);\nsinon_1.default.stub(passwordUtils, \"comparePassword\").resolves(true);\nsinon_1.default.stub(jwtUtils, \"signJwt\").returns(fakeToken);\nconst result = await authService.login({\n    email: \"alumno@tecsup.edu.pe\",\n    password: \"PasswordCorrecta\",\n});\n(0, chai_1.expect)(result.user.tags).to.deep.equal([\"JavaScript\", \"Node.js\"]);",
                  "err": {},
                  "uuid": "7a5368a3-4420-468a-90f6-586143770829",
                  "parentUUID": "f2925975-3f20-4af8-95b2-d08613dc0347",
                  "isHook": false,
                  "skipped": false
                },
                {
                  "title": "debe llamar a comparePassword con la contraseña plana y el hash del usuario",
                  "fullTitle": "🔒 Services › auth.service.ts login() debe llamar a comparePassword con la contraseña plana y el hash del usuario",
                  "timedOut": false,
                  "duration": 1,
                  "state": "passed",
                  "speed": "fast",
                  "pass": true,
                  "fail": false,
                  "pending": false,
                  "context": null,
                  "code": "sinon_1.default.stub(authRepository, \"findUserByEmail\").resolves(fakeUser);\nconst compareStub = sinon_1.default.stub(passwordUtils, \"comparePassword\").resolves(true);\nsinon_1.default.stub(jwtUtils, \"signJwt\").returns(fakeToken);\nawait authService.login({\n    email: \"alumno@tecsup.edu.pe\",\n    password: \"PasswordCorrecta\",\n});\n(0, chai_1.expect)(compareStub.calledWith(\"PasswordCorrecta\", fakeUser.password)).to.be.true;",
                  "err": {},
                  "uuid": "3540f62e-acb2-4775-a638-47def814cc6e",
                  "parentUUID": "f2925975-3f20-4af8-95b2-d08613dc0347",
                  "isHook": false,
                  "skipped": false
                }
              ],
              "suites": [],
              "passes": [
                "2c73480b-ee82-49d5-ba73-147ecbacbbfb",
                "68587de9-4d4f-4464-b429-a0a9af6ccd3a",
                "cae89df1-d85b-4d4a-af4e-29f3e52ebd1f",
                "2de6b343-44ff-4dbd-95f6-0fcddd86d718",
                "c0fc749b-43fb-4c35-9486-d57f6194dba8",
                "7a5368a3-4420-468a-90f6-586143770829",
                "3540f62e-acb2-4775-a638-47def814cc6e"
              ],
              "failures": [],
              "pending": [],
              "skipped": [],
              "duration": 7,
              "root": false,
              "rootEmpty": false,
              "_timeout": 10000
            }
          ],
          "passes": [],
          "failures": [],
          "pending": [],
          "skipped": [],
          "duration": 0,
          "root": false,
          "rootEmpty": false,
          "_timeout": 10000
        },
        {
          "uuid": "6e40a1b2-c506-444f-af02-d8c439bd2090",
          "title": "🔑 Utils › jwt.ts",
          "fullFile": "D:\\tecsup\\Proyecto_ALL\\Proyecto_p\\fixy-web\\backend\\test\\unit\\utils\\jwt.test.ts",
          "file": "\\test\\unit\\utils\\jwt.test.ts",
          "beforeHooks": [],
          "afterHooks": [],
          "tests": [],
          "suites": [
            {
              "uuid": "8be2ee24-7b44-4dcb-9ec8-5d2611338c7a",
              "title": "signJwt()",
              "fullFile": "D:\\tecsup\\Proyecto_ALL\\Proyecto_p\\fixy-web\\backend\\test\\unit\\utils\\jwt.test.ts",
              "file": "\\test\\unit\\utils\\jwt.test.ts",
              "beforeHooks": [],
              "afterHooks": [],
              "tests": [
                {
                  "title": "debe retornar un string (el token)",
                  "fullTitle": "🔑 Utils › jwt.ts signJwt() debe retornar un string (el token)",
                  "timedOut": false,
                  "duration": 3,
                  "state": "passed",
                  "speed": "fast",
                  "pass": true,
                  "fail": false,
                  "pending": false,
                  "context": null,
                  "code": "const token = (0, jwt_1.signJwt)(basePayload);\n(0, chai_1.expect)(token).to.be.a(\"string\");",
                  "err": {},
                  "uuid": "bb17913b-8b0e-46da-9e49-9861fbe33be4",
                  "parentUUID": "8be2ee24-7b44-4dcb-9ec8-5d2611338c7a",
                  "isHook": false,
                  "skipped": false
                },
                {
                  "title": "el token debe tener formato JWT: tres partes separadas por puntos",
                  "fullTitle": "🔑 Utils › jwt.ts signJwt() el token debe tener formato JWT: tres partes separadas por puntos",
                  "timedOut": false,
                  "duration": 1,
                  "state": "passed",
                  "speed": "fast",
                  "pass": true,
                  "fail": false,
                  "pending": false,
                  "context": null,
                  "code": "const token = (0, jwt_1.signJwt)(basePayload);\nconst parts = token.split(\".\");\n(0, chai_1.expect)(parts).to.have.length(3);",
                  "err": {},
                  "uuid": "95623a13-b317-46e5-8ea1-699c0f88d7cf",
                  "parentUUID": "8be2ee24-7b44-4dcb-9ec8-5d2611338c7a",
                  "isHook": false,
                  "skipped": false
                },
                {
                  "title": "debe incluir el userId en el payload del token",
                  "fullTitle": "🔑 Utils › jwt.ts signJwt() debe incluir el userId en el payload del token",
                  "timedOut": false,
                  "duration": 1,
                  "state": "passed",
                  "speed": "fast",
                  "pass": true,
                  "fail": false,
                  "pending": false,
                  "context": null,
                  "code": "const token = (0, jwt_1.signJwt)(basePayload);\nconst decoded = jwt.decode(token);\n(0, chai_1.expect)(decoded.userId).to.equal(basePayload.userId);",
                  "err": {},
                  "uuid": "1912d7e3-8300-4458-9d03-2b403d73fe3b",
                  "parentUUID": "8be2ee24-7b44-4dcb-9ec8-5d2611338c7a",
                  "isHook": false,
                  "skipped": false
                },
                {
                  "title": "debe incluir el email en el payload del token",
                  "fullTitle": "🔑 Utils › jwt.ts signJwt() debe incluir el email en el payload del token",
                  "timedOut": false,
                  "duration": 0,
                  "state": "passed",
                  "speed": "fast",
                  "pass": true,
                  "fail": false,
                  "pending": false,
                  "context": null,
                  "code": "const token = (0, jwt_1.signJwt)(basePayload);\nconst decoded = jwt.decode(token);\n(0, chai_1.expect)(decoded.email).to.equal(basePayload.email);",
                  "err": {},
                  "uuid": "3b2a56d9-1284-4cc6-827b-8be6debfda50",
                  "parentUUID": "8be2ee24-7b44-4dcb-9ec8-5d2611338c7a",
                  "isHook": false,
                  "skipped": false
                },
                {
                  "title": "debe incluir el role en el payload del token",
                  "fullTitle": "🔑 Utils › jwt.ts signJwt() debe incluir el role en el payload del token",
                  "timedOut": false,
                  "duration": 0,
                  "state": "passed",
                  "speed": "fast",
                  "pass": true,
                  "fail": false,
                  "pending": false,
                  "context": null,
                  "code": "const token = (0, jwt_1.signJwt)(basePayload);\nconst decoded = jwt.decode(token);\n(0, chai_1.expect)(decoded.role).to.equal(basePayload.role);",
                  "err": {},
                  "uuid": "1e217315-c30c-4757-ba87-04eaee3ab655",
                  "parentUUID": "8be2ee24-7b44-4dcb-9ec8-5d2611338c7a",
                  "isHook": false,
                  "skipped": false
                },
                {
                  "title": "debe incluir campo 'exp' (expiración) en el token",
                  "fullTitle": "🔑 Utils › jwt.ts signJwt() debe incluir campo 'exp' (expiración) en el token",
                  "timedOut": false,
                  "duration": 0,
                  "state": "passed",
                  "speed": "fast",
                  "pass": true,
                  "fail": false,
                  "pending": false,
                  "context": null,
                  "code": "const token = (0, jwt_1.signJwt)(basePayload);\nconst decoded = jwt.decode(token);\n(0, chai_1.expect)(decoded).to.have.property(\"exp\");\n(0, chai_1.expect)(decoded.exp).to.be.a(\"number\");",
                  "err": {},
                  "uuid": "0a4d2041-499a-40f4-98fb-63ee4b93c871",
                  "parentUUID": "8be2ee24-7b44-4dcb-9ec8-5d2611338c7a",
                  "isHook": false,
                  "skipped": false
                },
                {
                  "title": "debe generar tokens diferentes para payloads distintos",
                  "fullTitle": "🔑 Utils › jwt.ts signJwt() debe generar tokens diferentes para payloads distintos",
                  "timedOut": false,
                  "duration": 0,
                  "state": "passed",
                  "speed": "fast",
                  "pass": true,
                  "fail": false,
                  "pending": false,
                  "context": null,
                  "code": "const token1 = (0, jwt_1.signJwt)({ ...basePayload, userId: \"user-1\" });\nconst token2 = (0, jwt_1.signJwt)({ ...basePayload, userId: \"user-2\" });\n(0, chai_1.expect)(token1).to.not.equal(token2);",
                  "err": {},
                  "uuid": "806c74d6-dbdb-40d8-bf75-8c6d37f61fc0",
                  "parentUUID": "8be2ee24-7b44-4dcb-9ec8-5d2611338c7a",
                  "isHook": false,
                  "skipped": false
                },
                {
                  "title": "debe poder firmar token con role ADMIN",
                  "fullTitle": "🔑 Utils › jwt.ts signJwt() debe poder firmar token con role ADMIN",
                  "timedOut": false,
                  "duration": 1,
                  "state": "passed",
                  "speed": "fast",
                  "pass": true,
                  "fail": false,
                  "pending": false,
                  "context": null,
                  "code": "const adminPayload = { ...basePayload, role: \"ADMIN\" };\nconst token = (0, jwt_1.signJwt)(adminPayload);\nconst decoded = jwt.decode(token);\n(0, chai_1.expect)(decoded.role).to.equal(\"ADMIN\");",
                  "err": {},
                  "uuid": "9f995dcf-e007-4220-97b0-cd77129bf600",
                  "parentUUID": "8be2ee24-7b44-4dcb-9ec8-5d2611338c7a",
                  "isHook": false,
                  "skipped": false
                },
                {
                  "title": "debe poder firmar token con role WORKER",
                  "fullTitle": "🔑 Utils › jwt.ts signJwt() debe poder firmar token con role WORKER",
                  "timedOut": false,
                  "duration": 1,
                  "state": "passed",
                  "speed": "fast",
                  "pass": true,
                  "fail": false,
                  "pending": false,
                  "context": null,
                  "code": "const workerPayload = { ...basePayload, role: \"WORKER\" };\nconst token = (0, jwt_1.signJwt)(workerPayload);\nconst decoded = jwt.decode(token);\n(0, chai_1.expect)(decoded.role).to.equal(\"WORKER\");",
                  "err": {},
                  "uuid": "5b8fbef9-92a0-4473-962a-97e0aa34837a",
                  "parentUUID": "8be2ee24-7b44-4dcb-9ec8-5d2611338c7a",
                  "isHook": false,
                  "skipped": false
                }
              ],
              "suites": [],
              "passes": [
                "bb17913b-8b0e-46da-9e49-9861fbe33be4",
                "95623a13-b317-46e5-8ea1-699c0f88d7cf",
                "1912d7e3-8300-4458-9d03-2b403d73fe3b",
                "3b2a56d9-1284-4cc6-827b-8be6debfda50",
                "1e217315-c30c-4757-ba87-04eaee3ab655",
                "0a4d2041-499a-40f4-98fb-63ee4b93c871",
                "806c74d6-dbdb-40d8-bf75-8c6d37f61fc0",
                "9f995dcf-e007-4220-97b0-cd77129bf600",
                "5b8fbef9-92a0-4473-962a-97e0aa34837a"
              ],
              "failures": [],
              "pending": [],
              "skipped": [],
              "duration": 7,
              "root": false,
              "rootEmpty": false,
              "_timeout": 10000
            },
            {
              "uuid": "705e413a-c793-4d87-b7e2-425efeb25cc4",
              "title": "verifyJwt()",
              "fullFile": "D:\\tecsup\\Proyecto_ALL\\Proyecto_p\\fixy-web\\backend\\test\\unit\\utils\\jwt.test.ts",
              "file": "\\test\\unit\\utils\\jwt.test.ts",
              "beforeHooks": [],
              "afterHooks": [],
              "tests": [
                {
                  "title": "debe retornar el payload completo de un token válido",
                  "fullTitle": "🔑 Utils › jwt.ts verifyJwt() debe retornar el payload completo de un token válido",
                  "timedOut": false,
                  "duration": 1,
                  "state": "passed",
                  "speed": "fast",
                  "pass": true,
                  "fail": false,
                  "pending": false,
                  "context": null,
                  "code": "const token = (0, jwt_1.signJwt)(basePayload);\nconst result = (0, jwt_1.verifyJwt)(token);\n(0, chai_1.expect)(result.userId).to.equal(basePayload.userId);\n(0, chai_1.expect)(result.email).to.equal(basePayload.email);\n(0, chai_1.expect)(result.role).to.equal(basePayload.role);",
                  "err": {},
                  "uuid": "3e4719cb-4bbf-43b6-8d7e-b031f069f992",
                  "parentUUID": "705e413a-c793-4d87-b7e2-425efeb25cc4",
                  "isHook": false,
                  "skipped": false
                },
                {
                  "title": "debe lanzar error con un token completamente falso",
                  "fullTitle": "🔑 Utils › jwt.ts verifyJwt() debe lanzar error con un token completamente falso",
                  "timedOut": false,
                  "duration": 1,
                  "state": "passed",
                  "speed": "fast",
                  "pass": true,
                  "fail": false,
                  "pending": false,
                  "context": null,
                  "code": "(0, chai_1.expect)(() => (0, jwt_1.verifyJwt)(\"esto.no.es.un.token\")).to.throw();",
                  "err": {},
                  "uuid": "7b6e4475-2472-431c-99df-0d995655785e",
                  "parentUUID": "705e413a-c793-4d87-b7e2-425efeb25cc4",
                  "isHook": false,
                  "skipped": false
                },
                {
                  "title": "debe lanzar error con un token firmado con secret diferente",
                  "fullTitle": "🔑 Utils › jwt.ts verifyJwt() debe lanzar error con un token firmado con secret diferente",
                  "timedOut": false,
                  "duration": 0,
                  "state": "passed",
                  "speed": "fast",
                  "pass": true,
                  "fail": false,
                  "pending": false,
                  "context": null,
                  "code": "const fakeToken = jwt.sign(basePayload, \"secret_diferente_falso\");\n(0, chai_1.expect)(() => (0, jwt_1.verifyJwt)(fakeToken)).to.throw();",
                  "err": {},
                  "uuid": "972500cc-5e90-487d-afcb-52148b821fc7",
                  "parentUUID": "705e413a-c793-4d87-b7e2-425efeb25cc4",
                  "isHook": false,
                  "skipped": false
                },
                {
                  "title": "debe lanzar error con un token expirado",
                  "fullTitle": "🔑 Utils › jwt.ts verifyJwt() debe lanzar error con un token expirado",
                  "timedOut": false,
                  "duration": 1108,
                  "state": "passed",
                  "speed": "slow",
                  "pass": true,
                  "fail": false,
                  "pending": false,
                  "context": null,
                  "code": "// Firmamos un token que expira en 1 segundo\nconst expiredToken = jwt.sign(basePayload, process.env.JWT_SECRET ?? \"change_this_secret\", { expiresIn: \"1s\" });\n// Esperamos 1100ms para que expire\nsetTimeout(() => {\n    (0, chai_1.expect)(() => (0, jwt_1.verifyJwt)(expiredToken)).to.throw(/jwt expired/i);\n    done();\n}, 1100);",
                  "err": {},
                  "uuid": "8a7d3193-0477-422d-a02a-f8d12d9a26a9",
                  "parentUUID": "705e413a-c793-4d87-b7e2-425efeb25cc4",
                  "isHook": false,
                  "skipped": false
                },
                {
                  "title": "debe lanzar error con string vacío",
                  "fullTitle": "🔑 Utils › jwt.ts verifyJwt() debe lanzar error con string vacío",
                  "timedOut": false,
                  "duration": 0,
                  "state": "passed",
                  "speed": "fast",
                  "pass": true,
                  "fail": false,
                  "pending": false,
                  "context": null,
                  "code": "(0, chai_1.expect)(() => (0, jwt_1.verifyJwt)(\"\")).to.throw();",
                  "err": {},
                  "uuid": "69fc7ee5-929c-4618-9cd7-bd5821dfbde1",
                  "parentUUID": "705e413a-c793-4d87-b7e2-425efeb25cc4",
                  "isHook": false,
                  "skipped": false
                },
                {
                  "title": "debe lanzar error con token manipulado (payload alterado)",
                  "fullTitle": "🔑 Utils › jwt.ts verifyJwt() debe lanzar error con token manipulado (payload alterado)",
                  "timedOut": false,
                  "duration": 1,
                  "state": "passed",
                  "speed": "fast",
                  "pass": true,
                  "fail": false,
                  "pending": false,
                  "context": null,
                  "code": "const token = (0, jwt_1.signJwt)(basePayload);\nconst parts = token.split(\".\");\n// Alteramos el payload (parte del medio)\nparts[1] = Buffer.from(JSON.stringify({ userId: \"hacker\", role: \"ADMIN\" })).toString(\"base64\");\nconst tampered = parts.join(\".\");\n(0, chai_1.expect)(() => (0, jwt_1.verifyJwt)(tampered)).to.throw();",
                  "err": {},
                  "uuid": "78ebf865-a485-4946-8539-3ac57dc804f9",
                  "parentUUID": "705e413a-c793-4d87-b7e2-425efeb25cc4",
                  "isHook": false,
                  "skipped": false
                },
                {
                  "title": "flujo completo: firmar y verificar exitosamente",
                  "fullTitle": "🔑 Utils › jwt.ts verifyJwt() flujo completo: firmar y verificar exitosamente",
                  "timedOut": false,
                  "duration": 1,
                  "state": "passed",
                  "speed": "fast",
                  "pass": true,
                  "fail": false,
                  "pending": false,
                  "context": null,
                  "code": "const token = (0, jwt_1.signJwt)(basePayload);\nconst verified = (0, jwt_1.verifyJwt)(token);\n(0, chai_1.expect)(verified.userId).to.equal(basePayload.userId);\n(0, chai_1.expect)(verified.email).to.equal(basePayload.email);\n(0, chai_1.expect)(verified.role).to.equal(basePayload.role);",
                  "err": {},
                  "uuid": "4ae5f4c5-cf36-471e-a169-fcf56cbbeac7",
                  "parentUUID": "705e413a-c793-4d87-b7e2-425efeb25cc4",
                  "isHook": false,
                  "skipped": false
                }
              ],
              "suites": [],
              "passes": [
                "3e4719cb-4bbf-43b6-8d7e-b031f069f992",
                "7b6e4475-2472-431c-99df-0d995655785e",
                "972500cc-5e90-487d-afcb-52148b821fc7",
                "8a7d3193-0477-422d-a02a-f8d12d9a26a9",
                "69fc7ee5-929c-4618-9cd7-bd5821dfbde1",
                "78ebf865-a485-4946-8539-3ac57dc804f9",
                "4ae5f4c5-cf36-471e-a169-fcf56cbbeac7"
              ],
              "failures": [],
              "pending": [],
              "skipped": [],
              "duration": 1112,
              "root": false,
              "rootEmpty": false,
              "_timeout": 10000
            }
          ],
          "passes": [],
          "failures": [],
          "pending": [],
          "skipped": [],
          "duration": 0,
          "root": false,
          "rootEmpty": false,
          "_timeout": 10000
        },
        {
          "uuid": "e6827b0c-555e-4e4f-87a3-4ba219c938a7",
          "title": "🔐 Utils › password.ts",
          "fullFile": "D:\\tecsup\\Proyecto_ALL\\Proyecto_p\\fixy-web\\backend\\test\\unit\\utils\\password.test.ts",
          "file": "\\test\\unit\\utils\\password.test.ts",
          "beforeHooks": [],
          "afterHooks": [],
          "tests": [],
          "suites": [
            {
              "uuid": "4121001d-9d7a-4c9f-b21f-de7a653fa140",
              "title": "hashPassword()",
              "fullFile": "D:\\tecsup\\Proyecto_ALL\\Proyecto_p\\fixy-web\\backend\\test\\unit\\utils\\password.test.ts",
              "file": "\\test\\unit\\utils\\password.test.ts",
              "beforeHooks": [],
              "afterHooks": [],
              "tests": [
                {
                  "title": "debe retornar un string (el hash)",
                  "fullTitle": "🔐 Utils › password.ts hashPassword() debe retornar un string (el hash)",
                  "timedOut": false,
                  "duration": 83,
                  "state": "passed",
                  "speed": "slow",
                  "pass": true,
                  "fail": false,
                  "pending": false,
                  "context": null,
                  "code": "const hash = await (0, password_1.hashPassword)(\"MiPassword123\");\n(0, chai_1.expect)(hash).to.be.a(\"string\");",
                  "err": {},
                  "uuid": "8cb6f79b-d672-4f51-b7ec-ca9ea8c1647d",
                  "parentUUID": "4121001d-9d7a-4c9f-b21f-de7a653fa140",
                  "isHook": false,
                  "skipped": false
                },
                {
                  "title": "el hash NO debe ser igual a la contraseña original",
                  "fullTitle": "🔐 Utils › password.ts hashPassword() el hash NO debe ser igual a la contraseña original",
                  "timedOut": false,
                  "duration": 64,
                  "state": "passed",
                  "speed": "medium",
                  "pass": true,
                  "fail": false,
                  "pending": false,
                  "context": null,
                  "code": "const password = \"MiPassword123\";\nconst hash = await (0, password_1.hashPassword)(password);\n(0, chai_1.expect)(hash).to.not.equal(password);",
                  "err": {},
                  "uuid": "35fb0add-bb2e-4ca8-8ba9-b3d9ece1fc4a",
                  "parentUUID": "4121001d-9d7a-4c9f-b21f-de7a653fa140",
                  "isHook": false,
                  "skipped": false
                },
                {
                  "title": "dos hashes de la misma contraseña deben ser DIFERENTES (salt aleatorio)",
                  "fullTitle": "🔐 Utils › password.ts hashPassword() dos hashes de la misma contraseña deben ser DIFERENTES (salt aleatorio)",
                  "timedOut": false,
                  "duration": 126,
                  "state": "passed",
                  "speed": "slow",
                  "pass": true,
                  "fail": false,
                  "pending": false,
                  "context": null,
                  "code": "const password = \"MiPassword123\";\nconst hash1 = await (0, password_1.hashPassword)(password);\nconst hash2 = await (0, password_1.hashPassword)(password);\n(0, chai_1.expect)(hash1).to.not.equal(hash2);",
                  "err": {},
                  "uuid": "34a640da-44f2-4ea0-8af5-ad9b2499e469",
                  "parentUUID": "4121001d-9d7a-4c9f-b21f-de7a653fa140",
                  "isHook": false,
                  "skipped": false
                },
                {
                  "title": "el hash debe comenzar con el prefijo bcrypt '$2b$'",
                  "fullTitle": "🔐 Utils › password.ts hashPassword() el hash debe comenzar con el prefijo bcrypt '$2b$'",
                  "timedOut": false,
                  "duration": 70,
                  "state": "passed",
                  "speed": "medium",
                  "pass": true,
                  "fail": false,
                  "pending": false,
                  "context": null,
                  "code": "const hash = await (0, password_1.hashPassword)(\"cualquierContraseña\");\n(0, chai_1.expect)(hash).to.match(/^\\$2[ab]\\$/);",
                  "err": {},
                  "uuid": "fe94e807-7805-4444-943e-e3bda9f7ec75",
                  "parentUUID": "4121001d-9d7a-4c9f-b21f-de7a653fa140",
                  "isHook": false,
                  "skipped": false
                },
                {
                  "title": "debe poder hashear una contraseña vacía sin lanzar error",
                  "fullTitle": "🔐 Utils › password.ts hashPassword() debe poder hashear una contraseña vacía sin lanzar error",
                  "timedOut": false,
                  "duration": 57,
                  "state": "passed",
                  "speed": "medium",
                  "pass": true,
                  "fail": false,
                  "pending": false,
                  "context": null,
                  "code": "const hash = await (0, password_1.hashPassword)(\"\");\n(0, chai_1.expect)(hash).to.be.a(\"string\").and.to.not.be.empty;",
                  "err": {},
                  "uuid": "8807e2ae-db64-4e45-95b1-9994a98da31d",
                  "parentUUID": "4121001d-9d7a-4c9f-b21f-de7a653fa140",
                  "isHook": false,
                  "skipped": false
                },
                {
                  "title": "debe poder hashear contraseñas con caracteres especiales",
                  "fullTitle": "🔐 Utils › password.ts hashPassword() debe poder hashear contraseñas con caracteres especiales",
                  "timedOut": false,
                  "duration": 60,
                  "state": "passed",
                  "speed": "medium",
                  "pass": true,
                  "fail": false,
                  "pending": false,
                  "context": null,
                  "code": "const hash = await (0, password_1.hashPassword)(\"P@$$w0rd!#%&*()\");\n(0, chai_1.expect)(hash).to.be.a(\"string\");",
                  "err": {},
                  "uuid": "40ef8d2f-e27c-4e36-b053-680b053b7068",
                  "parentUUID": "4121001d-9d7a-4c9f-b21f-de7a653fa140",
                  "isHook": false,
                  "skipped": false
                },
                {
                  "title": "debe poder hashear contraseñas muy largas",
                  "fullTitle": "🔐 Utils › password.ts hashPassword() debe poder hashear contraseñas muy largas",
                  "timedOut": false,
                  "duration": 61,
                  "state": "passed",
                  "speed": "medium",
                  "pass": true,
                  "fail": false,
                  "pending": false,
                  "context": null,
                  "code": "const longPassword = \"a\".repeat(100);\nconst hash = await (0, password_1.hashPassword)(longPassword);\n(0, chai_1.expect)(hash).to.be.a(\"string\");",
                  "err": {},
                  "uuid": "44e13015-2bde-4568-931e-c35357a806fd",
                  "parentUUID": "4121001d-9d7a-4c9f-b21f-de7a653fa140",
                  "isHook": false,
                  "skipped": false
                }
              ],
              "suites": [],
              "passes": [
                "8cb6f79b-d672-4f51-b7ec-ca9ea8c1647d",
                "35fb0add-bb2e-4ca8-8ba9-b3d9ece1fc4a",
                "34a640da-44f2-4ea0-8af5-ad9b2499e469",
                "fe94e807-7805-4444-943e-e3bda9f7ec75",
                "8807e2ae-db64-4e45-95b1-9994a98da31d",
                "40ef8d2f-e27c-4e36-b053-680b053b7068",
                "44e13015-2bde-4568-931e-c35357a806fd"
              ],
              "failures": [],
              "pending": [],
              "skipped": [],
              "duration": 521,
              "root": false,
              "rootEmpty": false,
              "_timeout": 10000
            },
            {
              "uuid": "ca4ebd6b-78fb-4cbd-8fa2-b83c224b19cf",
              "title": "comparePassword()",
              "fullFile": "D:\\tecsup\\Proyecto_ALL\\Proyecto_p\\fixy-web\\backend\\test\\unit\\utils\\password.test.ts",
              "file": "\\test\\unit\\utils\\password.test.ts",
              "beforeHooks": [],
              "afterHooks": [],
              "tests": [
                {
                  "title": "debe retornar TRUE cuando la contraseña coincide con el hash",
                  "fullTitle": "🔐 Utils › password.ts comparePassword() debe retornar TRUE cuando la contraseña coincide con el hash",
                  "timedOut": false,
                  "duration": 123,
                  "state": "passed",
                  "speed": "slow",
                  "pass": true,
                  "fail": false,
                  "pending": false,
                  "context": null,
                  "code": "const password = \"MiPassword123\";\nconst hash = await (0, password_1.hashPassword)(password);\nconst result = await (0, password_1.comparePassword)(password, hash);\n(0, chai_1.expect)(result).to.be.true;",
                  "err": {},
                  "uuid": "e56c98c2-b6d6-406e-956e-391c9467c29d",
                  "parentUUID": "ca4ebd6b-78fb-4cbd-8fa2-b83c224b19cf",
                  "isHook": false,
                  "skipped": false
                },
                {
                  "title": "debe retornar FALSE cuando la contraseña es incorrecta",
                  "fullTitle": "🔐 Utils › password.ts comparePassword() debe retornar FALSE cuando la contraseña es incorrecta",
                  "timedOut": false,
                  "duration": 114,
                  "state": "passed",
                  "speed": "slow",
                  "pass": true,
                  "fail": false,
                  "pending": false,
                  "context": null,
                  "code": "const hash = await (0, password_1.hashPassword)(\"PasswordCorrecta\");\nconst result = await (0, password_1.comparePassword)(\"PasswordIncorrecta\", hash);\n(0, chai_1.expect)(result).to.be.false;",
                  "err": {},
                  "uuid": "e6c96af5-eb53-4f24-8423-8a17c248837b",
                  "parentUUID": "ca4ebd6b-78fb-4cbd-8fa2-b83c224b19cf",
                  "isHook": false,
                  "skipped": false
                },
                {
                  "title": "debe retornar FALSE si se compara string vacío contra un hash válido",
                  "fullTitle": "🔐 Utils › password.ts comparePassword() debe retornar FALSE si se compara string vacío contra un hash válido",
                  "timedOut": false,
                  "duration": 118,
                  "state": "passed",
                  "speed": "slow",
                  "pass": true,
                  "fail": false,
                  "pending": false,
                  "context": null,
                  "code": "const hash = await (0, password_1.hashPassword)(\"PasswordReal\");\nconst result = await (0, password_1.comparePassword)(\"\", hash);\n(0, chai_1.expect)(result).to.be.false;",
                  "err": {},
                  "uuid": "9b0c239e-7322-4e99-ace5-9f775cf6e4fa",
                  "parentUUID": "ca4ebd6b-78fb-4cbd-8fa2-b83c224b19cf",
                  "isHook": false,
                  "skipped": false
                },
                {
                  "title": "debe ser case-sensitive: 'Password' y 'password' son diferentes",
                  "fullTitle": "🔐 Utils › password.ts comparePassword() debe ser case-sensitive: 'Password' y 'password' son diferentes",
                  "timedOut": false,
                  "duration": 115,
                  "state": "passed",
                  "speed": "slow",
                  "pass": true,
                  "fail": false,
                  "pending": false,
                  "context": null,
                  "code": "const hash = await (0, password_1.hashPassword)(\"Password\");\nconst result = await (0, password_1.comparePassword)(\"password\", hash);\n(0, chai_1.expect)(result).to.be.false;",
                  "err": {},
                  "uuid": "9a9b4c46-5f7a-41f0-9d34-9395b59ad565",
                  "parentUUID": "ca4ebd6b-78fb-4cbd-8fa2-b83c224b19cf",
                  "isHook": false,
                  "skipped": false
                },
                {
                  "title": "debe retornar FALSE si el hash fue generado de una contraseña diferente",
                  "fullTitle": "🔐 Utils › password.ts comparePassword() debe retornar FALSE si el hash fue generado de una contraseña diferente",
                  "timedOut": false,
                  "duration": 115,
                  "state": "passed",
                  "speed": "slow",
                  "pass": true,
                  "fail": false,
                  "pending": false,
                  "context": null,
                  "code": "const hash1 = await (0, password_1.hashPassword)(\"ContraseñaA\");\nconst result = await (0, password_1.comparePassword)(\"ContraseñaB\", hash1);\n(0, chai_1.expect)(result).to.be.false;",
                  "err": {},
                  "uuid": "f1ef822d-0de2-4913-8701-61899bbc7be0",
                  "parentUUID": "ca4ebd6b-78fb-4cbd-8fa2-b83c224b19cf",
                  "isHook": false,
                  "skipped": false
                },
                {
                  "title": "debe funcionar correctamente con contraseñas que incluyen caracteres especiales",
                  "fullTitle": "🔐 Utils › password.ts comparePassword() debe funcionar correctamente con contraseñas que incluyen caracteres especiales",
                  "timedOut": false,
                  "duration": 113,
                  "state": "passed",
                  "speed": "slow",
                  "pass": true,
                  "fail": false,
                  "pending": false,
                  "context": null,
                  "code": "const password = \"T3cs@up!2024#\";\nconst hash = await (0, password_1.hashPassword)(password);\nconst result = await (0, password_1.comparePassword)(password, hash);\n(0, chai_1.expect)(result).to.be.true;",
                  "err": {},
                  "uuid": "763503ba-7802-4792-aae3-d951db6cfeb5",
                  "parentUUID": "ca4ebd6b-78fb-4cbd-8fa2-b83c224b19cf",
                  "isHook": false,
                  "skipped": false
                },
                {
                  "title": "flujo completo: hashear y luego comparar exitosamente",
                  "fullTitle": "🔐 Utils › password.ts comparePassword() flujo completo: hashear y luego comparar exitosamente",
                  "timedOut": false,
                  "duration": 124,
                  "state": "passed",
                  "speed": "slow",
                  "pass": true,
                  "fail": false,
                  "pending": false,
                  "context": null,
                  "code": "const password = \"usuario@tecsup.edu.pe_pass\";\nconst hash = await (0, password_1.hashPassword)(password);\nconst match = await (0, password_1.comparePassword)(password, hash);\n(0, chai_1.expect)(match).to.be.true;",
                  "err": {},
                  "uuid": "2dbeaa0e-8cd8-443c-982c-b97fb6192780",
                  "parentUUID": "ca4ebd6b-78fb-4cbd-8fa2-b83c224b19cf",
                  "isHook": false,
                  "skipped": false
                }
              ],
              "suites": [],
              "passes": [
                "e56c98c2-b6d6-406e-956e-391c9467c29d",
                "e6c96af5-eb53-4f24-8423-8a17c248837b",
                "9b0c239e-7322-4e99-ace5-9f775cf6e4fa",
                "9a9b4c46-5f7a-41f0-9d34-9395b59ad565",
                "f1ef822d-0de2-4913-8701-61899bbc7be0",
                "763503ba-7802-4792-aae3-d951db6cfeb5",
                "2dbeaa0e-8cd8-443c-982c-b97fb6192780"
              ],
              "failures": [],
              "pending": [],
              "skipped": [],
              "duration": 822,
              "root": false,
              "rootEmpty": false,
              "_timeout": 10000
            }
          ],
          "passes": [],
          "failures": [],
          "pending": [],
          "skipped": [],
          "duration": 0,
          "root": false,
          "rootEmpty": false,
          "_timeout": 10000
        }
      ],
      "passes": [],
      "failures": [],
      "pending": [],
      "skipped": [],
      "duration": 0,
      "root": true,
      "rootEmpty": true,
      "_timeout": 10000
    }
  ],
  "meta": {
    "mocha": {
      "version": "11.7.5"
    },
    "mochawesome": {
      "options": {
        "quiet": false,
        "reportFilename": "mochawesome",
        "saveHtml": true,
        "saveJson": true,
        "consoleReporter": "spec",
        "useInlineDiffs": false,
        "code": true
      },
      "version": "7.1.4"
    },
    "marge": {
      "options": null,
      "version": "6.3.2"
    }
  }
}